  [1m[35m (512.4ms)[0m  [1m[35mCREATE DATABASE "lp_blogger_master_development" ENCODING = 'unicode'[0m
  ↳ bin/rails:9
  [1m[35m (262.8ms)[0m  [1m[35mCREATE DATABASE "lp_blogger_master_test" ENCODING = 'unicode'[0m
  ↳ bin/rails:9
Started GET "/" for ::1 at 2019-03-22 16:41:41 -0300
Processing by MainController#index as HTML
  Rendering main/index.html.erb within layouts/application
Started GET "/" for ::1 at 2019-03-22 16:41:45 -0300
Processing by MainController#index as HTML
  Rendering main/index.html.erb within layouts/application
  Rendered main/index.html.erb within layouts/application (10685.3ms)
  Rendered main/index.html.erb within layouts/application (6695.3ms)
Completed 500 Internal Server Error in 11304ms (ActiveRecord: 0.0ms)


  
ActionView::Template::Error (Asset was not declared to be precompiled in production.
Add `Rails.application.config.assets.precompile += %w( js/owl.carousel.min.js )` to `config/initializers/assets.rb` and restart your server):
    22:     <%= javascript_include_tag "https://cdnjs.cloudflare.com/ajax/libs/popper.js/1.11.0/umd/popper.min.js" %>
    23:     <%= javascript_include_tag "js/jquery.ajaxchimp.min.js" %>
    24:     <%= javascript_include_tag "js/parallax.min.js" %>
    25:     <%= javascript_include_tag "js/owl.carousel.min.js" %>
    26:     <%= javascript_include_tag "js/jquery.magnific-popup.min.js" %>
    27:     <%= javascript_include_tag "js/jquery.sticky.js" %>
    28:     <%= javascript_include_tag "js/main.js" %>
  
app/views/layouts/application.html.erb:25:in `_app_views_layouts_application_html_erb__494852595999029069_19981320'
Completed 500 Internal Server Error in 7501ms (ActiveRecord: 0.0ms)


  
ActionView::Template::Error (Asset was not declared to be precompiled in production.
Add `Rails.application.config.assets.precompile += %w( js/owl.carousel.min.js )` to `config/initializers/assets.rb` and restart your server):
    22:     <%= javascript_include_tag "https://cdnjs.cloudflare.com/ajax/libs/popper.js/1.11.0/umd/popper.min.js" %>
    23:     <%= javascript_include_tag "js/jquery.ajaxchimp.min.js" %>
    24:     <%= javascript_include_tag "js/parallax.min.js" %>
    25:     <%= javascript_include_tag "js/owl.carousel.min.js" %>
    26:     <%= javascript_include_tag "js/jquery.magnific-popup.min.js" %>
    27:     <%= javascript_include_tag "js/jquery.sticky.js" %>
    28:     <%= javascript_include_tag "js/main.js" %>
  
app/views/layouts/application.html.erb:25:in `_app_views_layouts_application_html_erb__494852595999029069_70159131603100'
Started GET "/" for ::1 at 2019-03-22 16:42:28 -0300
Processing by MainController#index as HTML
  Rendering main/index.html.erb within layouts/application
  Rendered main/index.html.erb within layouts/application (491.6ms)
Completed 500 Internal Server Error in 723ms (ActiveRecord: 0.0ms)


  
ActionView::Template::Error (Asset was not declared to be precompiled in production.
Add `Rails.application.config.assets.precompile += %w( js/owl.carousel.min.js )` to `config/initializers/assets.rb` and restart your server):
    22:     <%= javascript_include_tag "https://cdnjs.cloudflare.com/ajax/libs/popper.js/1.11.0/umd/popper.min.js" %>
    23:     <%= javascript_include_tag "js/jquery.ajaxchimp.min.js" %>
    24:     <%= javascript_include_tag "js/parallax.min.js" %>
    25:     <%= javascript_include_tag "js/owl.carousel.min.js" %>
    26:     <%= javascript_include_tag "js/jquery.magnific-popup.min.js" %>
    27:     <%= javascript_include_tag "js/jquery.sticky.js" %>
    28:     <%= javascript_include_tag "js/main.js" %>
  
app/views/layouts/application.html.erb:25:in `_app_views_layouts_application_html_erb___238533311292912570_70130340524280'
Started GET "/" for ::1 at 2019-03-22 16:42:30 -0300
Processing by MainController#index as HTML
  Rendering main/index.html.erb within layouts/application
  Rendered main/index.html.erb within layouts/application (33.1ms)
Completed 500 Internal Server Error in 215ms (ActiveRecord: 0.0ms)


  
ActionView::Template::Error (Asset was not declared to be precompiled in production.
Add `Rails.application.config.assets.precompile += %w( js/owl.carousel.min.js )` to `config/initializers/assets.rb` and restart your server):
    22:     <%= javascript_include_tag "https://cdnjs.cloudflare.com/ajax/libs/popper.js/1.11.0/umd/popper.min.js" %>
    23:     <%= javascript_include_tag "js/jquery.ajaxchimp.min.js" %>
    24:     <%= javascript_include_tag "js/parallax.min.js" %>
    25:     <%= javascript_include_tag "js/owl.carousel.min.js" %>
    26:     <%= javascript_include_tag "js/jquery.magnific-popup.min.js" %>
    27:     <%= javascript_include_tag "js/jquery.sticky.js" %>
    28:     <%= javascript_include_tag "js/main.js" %>
  
app/views/layouts/application.html.erb:25:in `_app_views_layouts_application_html_erb___238533311292912570_70130345384320'
Started GET "/" for ::1 at 2019-03-22 16:43:09 -0300
Processing by MainController#index as HTML
  Rendering main/index.html.erb within layouts/application
  Rendered main/index.html.erb within layouts/application (476.1ms)
Completed 200 OK in 647ms (Views: 640.7ms | ActiveRecord: 0.0ms)


Started GET "/img/header-bg.jpg" for ::1 at 2019-03-22 16:43:11 -0300
  
ActionController::RoutingError (No route matches [GET] "/img/header-bg.jpg"):
  
actionpack (5.2.2.1) lib/action_dispatch/middleware/debug_exceptions.rb:65:in `call'
web-console (3.7.0) lib/web_console/middleware.rb:135:in `call_app'
web-console (3.7.0) lib/web_console/middleware.rb:30:in `block in call'
web-console (3.7.0) lib/web_console/middleware.rb:20:in `catch'
web-console (3.7.0) lib/web_console/middleware.rb:20:in `call'
actionpack (5.2.2.1) lib/action_dispatch/middleware/show_exceptions.rb:33:in `call'
railties (5.2.2.1) lib/rails/rack/logger.rb:38:in `call_app'
railties (5.2.2.1) lib/rails/rack/logger.rb:26:in `block in call'
activesupport (5.2.2.1) lib/active_support/tagged_logging.rb:71:in `block in tagged'
activesupport (5.2.2.1) lib/active_support/tagged_logging.rb:28:in `tagged'
activesupport (5.2.2.1) lib/active_support/tagged_logging.rb:71:in `tagged'
railties (5.2.2.1) lib/rails/rack/logger.rb:26:in `call'
sprockets-rails (3.2.1) lib/sprockets/rails/quiet_assets.rb:13:in `call'
actionpack (5.2.2.1) lib/action_dispatch/middleware/remote_ip.rb:81:in `call'
actionpack (5.2.2.1) lib/action_dispatch/middleware/request_id.rb:27:in `call'
rack (2.0.6) lib/rack/method_override.rb:22:in `call'
rack (2.0.6) lib/rack/runtime.rb:22:in `call'
activesupport (5.2.2.1) lib/active_support/cache/strategy/local_cache_middleware.rb:29:in `call'
actionpack (5.2.2.1) lib/action_dispatch/middleware/executor.rb:14:in `call'
actionpack (5.2.2.1) lib/action_dispatch/middleware/static.rb:127:in `call'
rack (2.0.6) lib/rack/sendfile.rb:111:in `call'
railties (5.2.2.1) lib/rails/engine.rb:524:in `call'
puma (3.12.1) lib/puma/configuration.rb:227:in `call'
puma (3.12.1) lib/puma/server.rb:660:in `handle_request'
puma (3.12.1) lib/puma/server.rb:474:in `process_client'
puma (3.12.1) lib/puma/server.rb:334:in `block in run'
puma (3.12.1) lib/puma/thread_pool.rb:135:in `block in spawn_thread'
Started GET "/" for ::1 at 2019-03-22 16:46:37 -0300
Processing by MainController#index as HTML
  Rendering main/index.html.erb within layouts/application
  Rendered main/index.html.erb within layouts/application (31.8ms)
Completed 200 OK in 112ms (Views: 111.7ms | ActiveRecord: 0.0ms)


